# JRE version: Java(TM) SE Runtime Environment (8.0_351-b10) (build 1.8.0_351-b10)
# Java VM: Java HotSpot(TM) 64-Bit Server VM (25.351-b10 mixed mode windows-amd64 compressed oops)
Heap:
 PSYoungGen      total 492544K, used 68514K [0x000000076e100000, 0x0000000797580000, 0x00000007c0000000)
  eden space 451072K, 15% used [0x000000076e100000,0x00000007723e8938,0x0000000789980000)
  from space 41472K, 0% used [0x0000000789980000,0x0000000789980000,0x000000078c200000)
  to   space 40960K, 0% used [0x0000000794d80000,0x0000000794d80000,0x0000000797580000)
 ParOldGen       total 195584K, used 37527K [0x00000006ca200000, 0x00000006d6100000, 0x000000076e100000)
  object space 195584K, 19% used [0x00000006ca200000,0x00000006cc6a5f48,0x00000006d6100000)
 Metaspace       used 29290K, capacity 30024K, committed 34224K, reserved 1079296K
  class space    used 3214K, capacity 3444K, committed 4016K, reserved 1048576K
GC Heap History (10 events):
Event: 6.911 GC heap before
{Heap before GC invocations=11 (full 1):
 PSYoungGen      total 288768K, used 286843K [0x000000076e100000, 0x0000000787e80000, 0x00000007c0000000)
  eden space 249344K, 100% used [0x000000076e100000,0x000000077d480000,0x000000077d480000)
  from space 39424K, 95% used [0x000000077d480000,0x000000077f91ec48,0x000000077fb00000)
  to   space 44032K, 0% used [0x0000000785380000,0x0000000785380000,0x0000000787e80000)
 ParOldGen       total 116736K, used 59368K [0x00000006ca200000, 0x00000006d1400000, 0x000000076e100000)
  object space 116736K, 50% used [0x00000006ca200000,0x00000006cdbfa2a0,0x00000006d1400000)
 Metaspace       used 30208K, capacity 31178K, committed 31408K, reserved 1077248K
  class space    used 3498K, capacity 3698K, committed 3760K, reserved 1048576K
Event: 6.933 GC heap after
Heap after GC invocations=11 (full 1):
 PSYoungGen      total 378880K, used 28658K [0x000000076e100000, 0x0000000788b00000, 0x00000007c0000000)
  eden space 334848K, 0% used [0x000000076e100000,0x000000076e100000,0x0000000782800000)
  from space 44032K, 65% used [0x0000000785380000,0x0000000786f7cb40,0x0000000787e80000)
  to   space 44544K, 0% used [0x0000000782800000,0x0000000782800000,0x0000000785380000)
 ParOldGen       total 116736K, used 75359K [0x00000006ca200000, 0x00000006d1400000, 0x000000076e100000)
  object space 116736K, 64% used [0x00000006ca200000,0x00000006ceb97fb8,0x00000006d1400000)
 Metaspace       used 30208K, capacity 31178K, committed 31408K, reserved 1077248K
  class space    used 3498K, capacity 3698K, committed 3760K, reserved 1048576K
}
Event: 7.876 GC heap before
{Heap before GC invocations=12 (full 1):
 PSYoungGen      total 378880K, used 363506K [0x000000076e100000, 0x0000000788b00000, 0x00000007c0000000)
  eden space 334848K, 100% used [0x000000076e100000,0x0000000782800000,0x0000000782800000)
  from space 44032K, 65% used [0x0000000785380000,0x0000000786f7cb40,0x0000000787e80000)
  to   space 44544K, 0% used [0x0000000782800000,0x0000000782800000,0x0000000785380000)
 ParOldGen       total 116736K, used 75359K [0x00000006ca200000, 0x00000006d1400000, 0x000000076e100000)
  object space 116736K, 64% used [0x00000006ca200000,0x00000006ceb97fb8,0x00000006d1400000)
 Metaspace       used 30288K, capacity 31244K, committed 31408K, reserved 1077248K
  class space    used 3500K, capacity 3700K, committed 3760K, reserved 1048576K
Event: 7.888 GC heap after
Heap after GC invocations=12 (full 1):
 PSYoungGen      total 379392K, used 15853K [0x000000076e100000, 0x000000078f500000, 0x00000007c0000000)
  eden space 334848K, 0% used [0x000000076e100000,0x000000076e100000,0x0000000782800000)
  from space 44544K, 35% used [0x0000000782800000,0x000000078377b5f8,0x0000000785380000)
  to   space 43520K, 0% used [0x000000078ca80000,0x000000078ca80000,0x000000078f500000)
 ParOldGen       total 116736K, used 79648K [0x00000006ca200000, 0x00000006d1400000, 0x000000076e100000)
  object space 116736K, 68% used [0x00000006ca200000,0x00000006cefc8038,0x00000006d1400000)
 Metaspace       used 30288K, capacity 31244K, committed 31408K, reserved 1077248K
  class space    used 3500K, capacity 3700K, committed 3760K, reserved 1048576K
}
Event: 9.117 GC heap before
{Heap before GC invocations=13 (full 1):
 PSYoungGen      total 379392K, used 350701K [0x000000076e100000, 0x000000078f500000, 0x00000007c0000000)
  eden space 334848K, 100% used [0x000000076e100000,0x0000000782800000,0x0000000782800000)
  from space 44544K, 35% used [0x0000000782800000,0x000000078377b5f8,0x0000000785380000)
  to   space 43520K, 0% used [0x000000078ca80000,0x000000078ca80000,0x000000078f500000)
 ParOldGen       total 116736K, used 79648K [0x00000006ca200000, 0x00000006d1400000, 0x000000076e100000)
  object space 116736K, 68% used [0x00000006ca200000,0x00000006cefc8038,0x00000006d1400000)
 Metaspace       used 31170K, capacity 32108K, committed 32176K, reserved 1077248K
  class space    used 3511K, capacity 3732K, committed 3760K, reserved 1048576K
Event: 9.134 GC heap after
Heap after GC invocations=13 (full 1):
 PSYoungGen      total 483840K, used 21293K [0x000000076e100000, 0x000000078ea80000, 0x00000007c0000000)
  eden space 451072K, 0% used [0x000000076e100000,0x000000076e100000,0x0000000789980000)
  from space 32768K, 64% used [0x000000078ca80000,0x000000078df4b418,0x000000078ea80000)
  to   space 41472K, 0% used [0x0000000789980000,0x0000000789980000,0x000000078c200000)
 ParOldGen       total 116736K, used 92042K [0x00000006ca200000, 0x00000006d1400000, 0x000000076e100000)
  object space 116736K, 78% used [0x00000006ca200000,0x00000006cfbe2b70,0x00000006d1400000)
 Metaspace       used 31170K, capacity 32108K, committed 32176K, reserved 1077248K
  class space    used 3511K, capacity 3732K, committed 3760K, reserved 1048576K
}
Event: 11.897 GC heap before
{Heap before GC invocations=14 (full 1):
 PSYoungGen      total 483840K, used 472365K [0x000000076e100000, 0x000000078ea80000, 0x00000007c0000000)
  eden space 451072K, 100% used [0x000000076e100000,0x0000000789980000,0x0000000789980000)
  from space 32768K, 64% used [0x000000078ca80000,0x000000078df4b418,0x000000078ea80000)
  to   space 41472K, 0% used [0x0000000789980000,0x0000000789980000,0x000000078c200000)
 ParOldGen       total 116736K, used 92042K [0x00000006ca200000, 0x00000006d1400000, 0x000000076e100000)
  object space 116736K, 78% used [0x00000006ca200000,0x00000006cfbe2b70,0x00000006d1400000)
 Metaspace       used 33139K, capacity 34162K, committed 34224K, reserved 1079296K
  class space    used 3713K, capacity 3970K, committed 4016K, reserved 1048576K
Event: 11.916 GC heap after
Heap after GC invocations=14 (full 1):
 PSYoungGen      total 492544K, used 13900K [0x000000076e100000, 0x0000000797580000, 0x00000007c0000000)
  eden space 451072K, 0% used [0x000000076e100000,0x000000076e100000,0x0000000789980000)
  from space 41472K, 33% used [0x0000000789980000,0x000000078a713378,0x000000078c200000)
  to   space 40960K, 0% used [0x0000000794d80000,0x0000000794d80000,0x0000000797580000)
 ParOldGen       total 116736K, used 112123K [0x00000006ca200000, 0x00000006d1400000, 0x000000076e100000)
  object space 116736K, 96% used [0x00000006ca200000,0x00000006d0f7ed38,0x00000006d1400000)
 Metaspace       used 33139K, capacity 34162K, committed 34224K, reserved 1079296K
  class space    used 3713K, capacity 3970K, committed 4016K, reserved 1048576K
}
Event: 11.916 GC heap before
{Heap before GC invocations=15 (full 2):
 PSYoungGen      total 492544K, used 13900K [0x000000076e100000, 0x0000000797580000, 0x00000007c0000000)
  eden space 451072K, 0% used [0x000000076e100000,0x000000076e100000,0x0000000789980000)
  from space 41472K, 33% used [0x0000000789980000,0x000000078a713378,0x000000078c200000)
  to   space 40960K, 0% used [0x0000000794d80000,0x0000000794d80000,0x0000000797580000)
 ParOldGen       total 116736K, used 112123K [0x00000006ca200000, 0x00000006d1400000, 0x000000076e100000)
  object space 116736K, 96% used [0x00000006ca200000,0x00000006d0f7ed38,0x00000006d1400000)
 Metaspace       used 33139K, capacity 34162K, committed 34224K, reserved 1079296K
  class space    used 3713K, capacity 3970K, committed 4016K, reserved 1048576K
Event: 11.973 GC heap after
Heap after GC invocations=15 (full 2):
 PSYoungGen      total 492544K, used 0K [0x000000076e100000, 0x0000000797580000, 0x00000007c0000000)
  eden space 451072K, 0% used [0x000000076e100000,0x000000076e100000,0x0000000789980000)
  from space 41472K, 0% used [0x0000000789980000,0x0000000789980000,0x000000078c200000)
  to   space 40960K, 0% used [0x0000000794d80000,0x0000000794d80000,0x0000000797580000)
 ParOldGen       total 195584K, used 37527K [0x00000006ca200000, 0x00000006d6100000, 0x000000076e100000)
  object space 195584K, 19% used [0x00000006ca200000,0x00000006cc6a5f48,0x00000006d6100000)
 Metaspace       used 29194K, capacity 29992K, committed 34224K, reserved 1079296K
  class space    used 3205K, capacity 3412K, committed 4016K, reserved 1048576K
}

